[2013-09-04 03:28:40] 	ERROR 404 (Page not found). Reference code: E404-CCON-0004
URL: media/images/sample/map.jpg

[2013-09-11 23:13:00] 	ERROR 404 (Page not found). Reference code: E404-CCON-0004
URL: media/images/sample/map.jpg

[2013-09-12 13:19:42] 	ERROR 404 (Page not found). Reference code: E404-CCON-0004
URL: media/images/sample/map.jpg

[2013-09-13 12:08:17] 	ERROR 404 (Page not found). Reference code: E404-CCON-0004
URL: media/images/sample/map.jpg

[2013-09-13 15:52:43] 	ERROR 404 (Page not found). Reference code: E404-CCON-0004
URL: media/images/sample/map.jpg

[2013-09-14 09:16:52] 	ERROR in file E:\projects\elxiscn\includes\loader.php line 71
File "templates/aiolos/includes/business.class.php" does not exist!
Backtrace report: File: E:\projects\elxiscn\templates\business\index.php Line: 19

[2013-09-14 09:17:25] 	ERROR in file E:\projects\elxiscn\includes\loader.php line 71
File "templates/aiolos/includes/business.class.php" does not exist!
Backtrace report: File: E:\projects\elxiscn\templates\business\index.php Line: 19

[2013-09-14 09:17:27] 	ERROR in file E:\projects\elxiscn\includes\loader.php line 71
File "templates/aiolos/includes/business.class.php" does not exist!
Backtrace report: File: E:\projects\elxiscn\templates\business\index.php Line: 19

[2013-09-14 09:18:03] 	ERROR in file E:\projects\elxiscn\includes\loader.php line 71
File "templates/aiolos/includes/business.class.php" does not exist!
Backtrace report: File: E:\projects\elxiscn\templates\business\index.php Line: 19

[2013-09-14 09:18:05] 	ERROR in file E:\projects\elxiscn\includes\loader.php line 71
File "templates/aiolos/includes/business.class.php" does not exist!
Backtrace report: File: E:\projects\elxiscn\templates\business\index.php Line: 19

[2013-09-14 09:18:19] 	ERROR in file E:\projects\elxiscn\includes\loader.php line 71
File "templates/aiolos/includes/business.class.php" does not exist!
Backtrace report: File: E:\projects\elxiscn\templates\business\index.php Line: 19

[2013-09-14 09:19:13] 	ERROR in file E:\projects\elxiscn\includes\loader.php line 71
File "templates/aiolos/includes/business.class.php" does not exist!
Backtrace report: File: E:\projects\elxiscn\templates\business\index.php Line: 19

[2013-09-14 09:19:41] 	ERROR in file E:\projects\elxiscn\includes\loader.php line 71
File "templates/aiolos/includes/business.class.php" does not exist!
Backtrace report: File: E:\projects\elxiscn\templates\business\index.php Line: 19

[2013-09-14 09:19:52] 	ERROR in file E:\projects\elxiscn\includes\loader.php line 71
File "templates/aiolos/includes/business.class.php" does not exist!
Backtrace report: File: E:\projects\elxiscn\templates\business\index.php Line: 19

[2013-09-14 09:20:00] 	ERROR in file E:\projects\elxiscn\includes\loader.php line 71
File "templates/aiolos/includes/business.class.php" does not exist!
Backtrace report: File: E:\projects\elxiscn\templates\business\index.php Line: 19

[2013-09-14 14:16:23] 	ERROR 404 (Page not found). Reference code: E404-CCON-0004
URL: media/images/sample/map.jpg

[2013-09-14 14:41:57] 	ERROR in file E:\projects\elxiscn\includes\loader.php line 71
File "templates/aiolos/includes/business.class.php" does not exist!
Backtrace report: File: E:\projects\elxiscn\templates\business\index.php Line: 19

[2013-09-14 15:07:36] 	ERROR 404 (Page not found). Reference code: E404-CCON-0004
URL: media/images/sample/map.jpg

[2013-09-14 15:08:44] 	ERROR 404 (Page not found). Reference code: E404-CCON-0004
URL: media/images/sample/map.jpg

[2013-09-15 12:47:07] 	ERROR 404 (Page not found). Reference code: E404-CCON-0004
URL: media/images/sample/map.jpg

[2013-09-15 12:50:18] 	ERROR 404 (Page not found). Reference code: E404-CCON-0004
URL: media/images/sample/map.jpg

[2013-09-15 12:50:18] 	ERROR 404 (Page not found). Reference code: E404-CCON-0004
URL: media/images/sample/map.jpg

[2013-09-15 12:50:36] 	ERROR 404 (Page not found). Reference code: E404-CCON-0004
URL: media/images/sample/map.jpg

[2013-09-15 12:50:36] 	ERROR 404 (Page not found). Reference code: E404-CCON-0004
URL: media/images/sample/map.jpg

[2013-09-15 12:51:13] 	ERROR 404 (Page not found). Reference code: E404-CCON-0004
URL: media/images/sample/map.jpg

[2013-09-15 12:51:13] 	ERROR 404 (Page not found). Reference code: E404-CCON-0004
URL: media/images/sample/map.jpg

